mode: set
github.com/mark3labs/mcp-filesystem-server/pkg/diffwriter/diffwriter.go:50.63,53.16 2 0
github.com/mark3labs/mcp-filesystem-server/pkg/diffwriter/diffwriter.go:53.16,55.3 1 0
github.com/mark3labs/mcp-filesystem-server/pkg/diffwriter/diffwriter.go:58.2,58.34 1 0
github.com/mark3labs/mcp-filesystem-server/pkg/diffwriter/diffwriter.go:58.34,60.51 2 0
github.com/mark3labs/mcp-filesystem-server/pkg/diffwriter/diffwriter.go:60.51,61.47 1 0
github.com/mark3labs/mcp-filesystem-server/pkg/diffwriter/diffwriter.go:61.47,63.10 2 0
github.com/mark3labs/mcp-filesystem-server/pkg/diffwriter/diffwriter.go:66.3,66.15 1 0
github.com/mark3labs/mcp-filesystem-server/pkg/diffwriter/diffwriter.go:66.15,68.4 1 0
github.com/mark3labs/mcp-filesystem-server/pkg/diffwriter/diffwriter.go:72.2,72.28 1 0
github.com/mark3labs/mcp-filesystem-server/pkg/diffwriter/diffwriter.go:72.28,74.53 2 0
github.com/mark3labs/mcp-filesystem-server/pkg/diffwriter/diffwriter.go:74.53,76.4 1 0
github.com/mark3labs/mcp-filesystem-server/pkg/diffwriter/diffwriter.go:79.2,79.12 1 0
github.com/mark3labs/mcp-filesystem-server/pkg/diffwriter/diffwriter.go:83.83,89.19 2 0
github.com/mark3labs/mcp-filesystem-server/pkg/diffwriter/diffwriter.go:89.19,91.3 1 0
github.com/mark3labs/mcp-filesystem-server/pkg/diffwriter/diffwriter.go:94.2,94.62 1 0
github.com/mark3labs/mcp-filesystem-server/pkg/diffwriter/diffwriter.go:94.62,96.3 1 0
github.com/mark3labs/mcp-filesystem-server/pkg/diffwriter/diffwriter.go:99.2,99.55 1 0
github.com/mark3labs/mcp-filesystem-server/pkg/diffwriter/diffwriter.go:99.55,101.3 1 0
github.com/mark3labs/mcp-filesystem-server/pkg/diffwriter/diffwriter.go:104.2,105.16 2 0
github.com/mark3labs/mcp-filesystem-server/pkg/diffwriter/diffwriter.go:105.16,107.3 1 0
github.com/mark3labs/mcp-filesystem-server/pkg/diffwriter/diffwriter.go:109.2,109.69 1 0
github.com/mark3labs/mcp-filesystem-server/pkg/diffwriter/diffwriter.go:109.69,111.3 1 0
github.com/mark3labs/mcp-filesystem-server/pkg/diffwriter/diffwriter.go:114.2,115.16 2 0
github.com/mark3labs/mcp-filesystem-server/pkg/diffwriter/diffwriter.go:115.16,117.3 1 0
github.com/mark3labs/mcp-filesystem-server/pkg/diffwriter/diffwriter.go:118.2,121.27 2 0
github.com/mark3labs/mcp-filesystem-server/pkg/diffwriter/diffwriter.go:121.27,123.53 1 0
github.com/mark3labs/mcp-filesystem-server/pkg/diffwriter/diffwriter.go:123.53,125.4 1 0
github.com/mark3labs/mcp-filesystem-server/pkg/diffwriter/diffwriter.go:126.8,128.69 1 0
github.com/mark3labs/mcp-filesystem-server/pkg/diffwriter/diffwriter.go:128.69,130.4 1 0
github.com/mark3labs/mcp-filesystem-server/pkg/diffwriter/diffwriter.go:134.2,135.20 2 0
github.com/mark3labs/mcp-filesystem-server/pkg/diffwriter/diffwriter.go:135.20,137.3 1 0
github.com/mark3labs/mcp-filesystem-server/pkg/diffwriter/diffwriter.go:140.2,141.12 2 0
github.com/mark3labs/mcp-filesystem-server/pkg/diffwriter/diffwriter.go:145.83,150.19 2 0
github.com/mark3labs/mcp-filesystem-server/pkg/diffwriter/diffwriter.go:150.19,152.3 1 0
github.com/mark3labs/mcp-filesystem-server/pkg/diffwriter/diffwriter.go:155.2,155.62 1 0
github.com/mark3labs/mcp-filesystem-server/pkg/diffwriter/diffwriter.go:155.62,157.3 1 0
github.com/mark3labs/mcp-filesystem-server/pkg/diffwriter/diffwriter.go:160.2,160.55 1 0
github.com/mark3labs/mcp-filesystem-server/pkg/diffwriter/diffwriter.go:160.55,162.3 1 0
github.com/mark3labs/mcp-filesystem-server/pkg/diffwriter/diffwriter.go:165.2,166.16 2 0
github.com/mark3labs/mcp-filesystem-server/pkg/diffwriter/diffwriter.go:166.16,168.3 1 0
github.com/mark3labs/mcp-filesystem-server/pkg/diffwriter/diffwriter.go:171.2,171.40 1 0
github.com/mark3labs/mcp-filesystem-server/pkg/diffwriter/diffwriter.go:171.40,173.3 1 0
github.com/mark3labs/mcp-filesystem-server/pkg/diffwriter/diffwriter.go:176.2,182.45 5 0
github.com/mark3labs/mcp-filesystem-server/pkg/diffwriter/diffwriter.go:186.85,192.19 2 0
github.com/mark3labs/mcp-filesystem-server/pkg/diffwriter/diffwriter.go:192.19,194.3 1 0
github.com/mark3labs/mcp-filesystem-server/pkg/diffwriter/diffwriter.go:197.2,197.62 1 0
github.com/mark3labs/mcp-filesystem-server/pkg/diffwriter/diffwriter.go:197.62,199.3 1 0
github.com/mark3labs/mcp-filesystem-server/pkg/diffwriter/diffwriter.go:202.2,202.56 1 0
github.com/mark3labs/mcp-filesystem-server/pkg/diffwriter/diffwriter.go:202.56,204.3 1 0
github.com/mark3labs/mcp-filesystem-server/pkg/diffwriter/diffwriter.go:207.2,208.16 2 0
github.com/mark3labs/mcp-filesystem-server/pkg/diffwriter/diffwriter.go:208.16,210.3 1 0
github.com/mark3labs/mcp-filesystem-server/pkg/diffwriter/diffwriter.go:213.2,213.25 1 0
github.com/mark3labs/mcp-filesystem-server/pkg/diffwriter/diffwriter.go:213.25,215.3 1 0
github.com/mark3labs/mcp-filesystem-server/pkg/diffwriter/diffwriter.go:218.2,224.45 5 0
github.com/mark3labs/mcp-filesystem-server/pkg/diffwriter/diffwriter.go:228.54,230.62 1 0
github.com/mark3labs/mcp-filesystem-server/pkg/diffwriter/diffwriter.go:230.62,232.3 1 0
github.com/mark3labs/mcp-filesystem-server/pkg/diffwriter/diffwriter.go:234.2,234.36 1 0
github.com/mark3labs/mcp-filesystem-server/pkg/diffwriter/diffwriter.go:238.60,240.62 1 0
github.com/mark3labs/mcp-filesystem-server/pkg/diffwriter/diffwriter.go:240.62,242.3 1 0
github.com/mark3labs/mcp-filesystem-server/pkg/diffwriter/diffwriter.go:245.2,246.16 2 0
github.com/mark3labs/mcp-filesystem-server/pkg/diffwriter/diffwriter.go:246.16,248.3 1 0
github.com/mark3labs/mcp-filesystem-server/pkg/diffwriter/diffwriter.go:251.2,253.16 3 0
github.com/mark3labs/mcp-filesystem-server/pkg/diffwriter/diffwriter.go:253.16,255.3 1 0
github.com/mark3labs/mcp-filesystem-server/pkg/diffwriter/diffwriter.go:258.2,262.36 3 0
github.com/mark3labs/mcp-filesystem-server/pkg/diffwriter/diffwriter.go:262.36,263.15 1 0
github.com/mark3labs/mcp-filesystem-server/pkg/diffwriter/diffwriter.go:263.15,265.9 2 0
github.com/mark3labs/mcp-filesystem-server/pkg/diffwriter/diffwriter.go:269.2,269.19 1 0
github.com/mark3labs/mcp-filesystem-server/pkg/diffwriter/diffwriter.go:269.19,271.3 1 0
github.com/mark3labs/mcp-filesystem-server/pkg/diffwriter/diffwriter.go:274.2,274.53 1 0
